<html>
<head>
<title>TestNG:  Test</title>
<link href="../testng.css" rel="stylesheet" type="text/css" />
<link href="../my-testng.css" rel="stylesheet" type="text/css" />

<style type="text/css">
.log { display: none;} 
.stack-trace { display: none;} 
</style>
<script type="text/javascript">
<!--
function flip(e) {
  current = e.style.display;
  if (current == 'block') {
    e.style.display = 'none';
    return 0;
  }
  else {
    e.style.display = 'block';
    return 1;
  }
}

function toggleBox(szDivId, elem, msg1, msg2)
{
  var res = -1;  if (document.getElementById) {
    res = flip(document.getElementById(szDivId));
  }
  else if (document.all) {
    // this is the way old msie versions work
    res = flip(document.all[szDivId]);
  }
  if(elem) {
    if(res == 0) elem.innerHTML = msg1; else elem.innerHTML = msg2;
  }

}

function toggleAllBoxes() {
  if (document.getElementsByTagName) {
    d = document.getElementsByTagName('div');
    for (i = 0; i < d.length; i++) {
      if (d[i].className == 'log') {
        flip(d[i]);
      }
    }
  }
}

// -->
</script>

</head>
<body>
<h2 align='center'>Test</h2><table border='1' align="center">
<tr>
<td>Tests passed/Failed/Skipped:</td><td>19/0/3</td>
</tr><tr>
<td>Started on:</td><td>Tue Oct 24 22:42:41 IST 2023</td>
</tr>
<tr><td>Total time:</td><td>24 seconds (24648 ms)</td>
</tr><tr>
<td>Included groups:</td><td></td>
</tr><tr>
<td>Excluded groups:</td><td></td>
</tr>
</table><p/>
<small><i>(Hover the method name to see the test class name)</i></small><p/>
<table width='100%' border='1' class='invocation-passed'>
<tr><td colspan='4' align='center'><b>PASSED TESTS</b></td></tr>
<tr><td><b>Test method</b></td>
<td><b>Attribute(s)</b></td>
<td width="30%"><b>Exception</b></td>
<td width="10%"><b>Time (seconds)</b></td>
<td><b>Instance</b></td>
</tr>
<tr>
<td title='testNgxample.AssignQues11.testCase1()'><b>testCase1</b><br>Test class: testNgxample.AssignQues11</td>
<td></td>
<td>0</td>
<td>testNgxample.AssignQues11@61c4eee0</td></tr>
<tr>
<td title='testNgxample.HardAssertNotReccomanded.titleandTextVerification()'><b>titleandTextVerification</b><br>Test class: testNgxample.HardAssertNotReccomanded</td>
<td></td>
<td>9</td>
<td>testNgxample.HardAssertNotReccomanded@8458f04</td></tr>
<tr>
<td title='testNgxample.GroupsExample.aTest4()'><b>aTest4</b><br>Test class: testNgxample.GroupsExample</td>
<td></td>
<td>0</td>
<td>testNgxample.GroupsExample@548a24a</td></tr>
<tr>
<td title='testNgxample.AllAnnotationExample.Test1()'><b>Test1</b><br>Test class: testNgxample.AllAnnotationExample</td>
<td></td>
<td>0</td>
<td>testNgxample.AllAnnotationExample@7ae0a9ec</td></tr>
<tr>
<td title='testNgxample.AssignQues10.Test2()'><b>Test2</b><br>Test class: testNgxample.AssignQues10</td>
<td></td>
<td>0</td>
<td>testNgxample.AssignQues10@35841320</td></tr>
<tr>
<td title='testNgxample.PriorityExample.bloginTest()'><b>bloginTest</b><br>Test class: testNgxample.PriorityExample<br>Test method: This is login</td>
<td></td>
<td>0</td>
<td>testNgxample.PriorityExample@6f10d5b6</td></tr>
<tr>
<td title='testNgxample.AllAnnotationExample.Test2()'><b>Test2</b><br>Test class: testNgxample.AllAnnotationExample</td>
<td></td>
<td>0</td>
<td>testNgxample.AllAnnotationExample@7ae0a9ec</td></tr>
<tr>
<td title='testNgxample.DependsOnMethodsEx.Testcase2()'><b>Testcase2</b><br>Test class: testNgxample.DependsOnMethodsEx</td>
<td></td>
<td>0</td>
<td>testNgxample.DependsOnMethodsEx@533bda92</td></tr>
<tr>
<td title='testNgxample.SoftAssertExample.verifcationTitleText()'><b>verifcationTitleText</b><br>Test class: testNgxample.SoftAssertExample</td>
<td></td>
<td>4</td>
<td>testNgxample.SoftAssertExample@304bb45b</td></tr>
<tr>
<td title='testNgxample.PriorityExample.alogoutTest()'><b>alogoutTest</b><br>Test class: testNgxample.PriorityExample<br>Test method: This is logout</td>
<td></td>
<td>0</td>
<td>testNgxample.PriorityExample@6f10d5b6</td></tr>
<tr>
<td title='testNgxample.GroupsExample.aTest1()'><b>aTest1</b><br>Test class: testNgxample.GroupsExample</td>
<td></td>
<td>0</td>
<td>testNgxample.GroupsExample@548a24a</td></tr>
<tr>
<td title='testNgxample.AssignQues10.Test1()'><b>Test1</b><br>Test class: testNgxample.AssignQues10</td>
<td></td>
<td>0</td>
<td>testNgxample.AssignQues10@35841320</td></tr>
<tr>
<td title='testNgxample.AssignQues11.testCase3()'><b>testCase3</b><br>Test class: testNgxample.AssignQues11</td>
<td></td>
<td>0</td>
<td>testNgxample.AssignQues11@61c4eee0</td></tr>
<tr>
<td title='testNgxample.GroupsExample.bTest2()'><b>bTest2</b><br>Test class: testNgxample.GroupsExample</td>
<td></td>
<td>0</td>
<td>testNgxample.GroupsExample@548a24a</td></tr>
<tr>
<td title='testNgxample.GroupsExample.bTest3()'><b>bTest3</b><br>Test class: testNgxample.GroupsExample</td>
<td></td>
<td>0</td>
<td>testNgxample.GroupsExample@548a24a</td></tr>
<tr>
<td title='testNgxample.AssertExample.titleTest1()'><b>titleTest1</b><br>Test class: testNgxample.AssertExample</td>
<td></td>
<td>5</td>
<td>testNgxample.AssertExample@2a693f59</td></tr>
<tr>
<td title='testNgxample.AssertExample.titleTest2()'><b>titleTest2</b><br>Test class: testNgxample.AssertExample</td>
<td></td>
<td>4</td>
<td>testNgxample.AssertExample@2a693f59</td></tr>
<tr>
<td title='testNgxample.PriorityExample.homepage()'><b>homepage</b><br>Test class: testNgxample.PriorityExample</td>
<td></td>
<td>0</td>
<td>testNgxample.PriorityExample@6f10d5b6</td></tr>
<tr>
<td title='testNgxample.DependsOnMethodsEx.Testcase1()'><b>Testcase1</b><br>Test class: testNgxample.DependsOnMethodsEx</td>
<td></td>
<td>0</td>
<td>testNgxample.DependsOnMethodsEx@533bda92</td></tr>
</table><p>
<table width='100%' border='1' class='invocation-skipped'>
<tr><td colspan='4' align='center'><b>SKIPPED TESTS</b></td></tr>
<tr><td><b>Test method</b></td>
<td><b>Attribute(s)</b></td>
<td width="30%"><b>Exception</b></td>
<td width="10%"><b>Time (seconds)</b></td>
<td><b>Instance</b></td>
</tr>
<tr>
<td title='testNgxample.AssignQues11.testCase2()'><b>testCase2</b><br>Test class: testNgxample.AssignQues11</td>
<td><div><pre>org.testng.SkipException: Skip this test case as is it not completed
	at testNgxample.AssignQues11.testCase2(AssignQues11.java:18)
	at java.base/java.util.ArrayList.forEach(ArrayList.java:1511)
... Removed 27 stack frames</pre></div><a href='#' onClick='toggleBox("stack-trace719146276", this, "Click to show all stack frames", "Click to hide stack frames")'>Click to show all stack frames</a>
<div class='stack-trace' id='stack-trace719146276'><pre>org.testng.SkipException: Skip this test case as is it not completed
	at testNgxample.AssignQues11.testCase2(AssignQues11.java:18)
	at java.base/jdk.internal.reflect.NativeMethodAccessorImpl.invoke0(Native Method)
	at java.base/jdk.internal.reflect.NativeMethodAccessorImpl.invoke(NativeMethodAccessorImpl.java:77)
	at java.base/jdk.internal.reflect.DelegatingMethodAccessorImpl.invoke(DelegatingMethodAccessorImpl.java:43)
	at java.base/java.lang.reflect.Method.invoke(Method.java:568)
	at org.testng.internal.invokers.MethodInvocationHelper.invokeMethod(MethodInvocationHelper.java:139)
	at org.testng.internal.invokers.TestInvoker.invokeMethod(TestInvoker.java:664)
	at org.testng.internal.invokers.TestInvoker.invokeTestMethod(TestInvoker.java:227)
	at org.testng.internal.invokers.MethodRunner.runInSequence(MethodRunner.java:50)
	at org.testng.internal.invokers.TestInvoker$MethodInvocationAgent.invoke(TestInvoker.java:957)
	at org.testng.internal.invokers.TestInvoker.invokeTestMethods(TestInvoker.java:200)
	at org.testng.internal.invokers.TestMethodWorker.invokeTestMethods(TestMethodWorker.java:148)
	at org.testng.internal.invokers.TestMethodWorker.run(TestMethodWorker.java:128)
	at java.base/java.util.ArrayList.forEach(ArrayList.java:1511)
	at org.testng.TestRunner.privateRun(TestRunner.java:848)
	at org.testng.TestRunner.run(TestRunner.java:621)
	at org.testng.SuiteRunner.runTest(SuiteRunner.java:443)
	at org.testng.SuiteRunner.runSequentially(SuiteRunner.java:437)
	at org.testng.SuiteRunner.privateRun(SuiteRunner.java:397)
	at org.testng.SuiteRunner.run(SuiteRunner.java:336)
	at org.testng.SuiteRunnerWorker.runSuite(SuiteRunnerWorker.java:52)
	at org.testng.SuiteRunnerWorker.run(SuiteRunnerWorker.java:95)
	at org.testng.TestNG.runSuitesSequentially(TestNG.java:1280)
	at org.testng.TestNG.runSuitesLocally(TestNG.java:1200)
	at org.testng.TestNG.runSuites(TestNG.java:1114)
	at org.testng.TestNG.run(TestNG.java:1082)
	at org.testng.remote.AbstractRemoteTestNG.run(AbstractRemoteTestNG.java:115)
	at org.testng.remote.RemoteTestNG.initAndRun(RemoteTestNG.java:251)
	at org.testng.remote.RemoteTestNG.main(RemoteTestNG.java:77)
</pre></div></td>
<td>0</td>
<td>testNgxample.AssignQues11@61c4eee0</td></tr>
<tr>
<td title='testNgxample.SkipTestExample.skipTest2()'><b>skipTest2</b><br>Test class: testNgxample.SkipTestExample</td>
<td><div><pre>org.testng.SkipException: Skipping this Test
	at testNgxample.SkipTestExample.skipTest2(SkipTestExample.java:16)
	at java.base/java.util.ArrayList.forEach(ArrayList.java:1511)
... Removed 27 stack frames</pre></div><a href='#' onClick='toggleBox("stack-trace1005331061", this, "Click to show all stack frames", "Click to hide stack frames")'>Click to show all stack frames</a>
<div class='stack-trace' id='stack-trace1005331061'><pre>org.testng.SkipException: Skipping this Test
	at testNgxample.SkipTestExample.skipTest2(SkipTestExample.java:16)
	at java.base/jdk.internal.reflect.NativeMethodAccessorImpl.invoke0(Native Method)
	at java.base/jdk.internal.reflect.NativeMethodAccessorImpl.invoke(NativeMethodAccessorImpl.java:77)
	at java.base/jdk.internal.reflect.DelegatingMethodAccessorImpl.invoke(DelegatingMethodAccessorImpl.java:43)
	at java.base/java.lang.reflect.Method.invoke(Method.java:568)
	at org.testng.internal.invokers.MethodInvocationHelper.invokeMethod(MethodInvocationHelper.java:139)
	at org.testng.internal.invokers.TestInvoker.invokeMethod(TestInvoker.java:664)
	at org.testng.internal.invokers.TestInvoker.invokeTestMethod(TestInvoker.java:227)
	at org.testng.internal.invokers.MethodRunner.runInSequence(MethodRunner.java:50)
	at org.testng.internal.invokers.TestInvoker$MethodInvocationAgent.invoke(TestInvoker.java:957)
	at org.testng.internal.invokers.TestInvoker.invokeTestMethods(TestInvoker.java:200)
	at org.testng.internal.invokers.TestMethodWorker.invokeTestMethods(TestMethodWorker.java:148)
	at org.testng.internal.invokers.TestMethodWorker.run(TestMethodWorker.java:128)
	at java.base/java.util.ArrayList.forEach(ArrayList.java:1511)
	at org.testng.TestRunner.privateRun(TestRunner.java:848)
	at org.testng.TestRunner.run(TestRunner.java:621)
	at org.testng.SuiteRunner.runTest(SuiteRunner.java:443)
	at org.testng.SuiteRunner.runSequentially(SuiteRunner.java:437)
	at org.testng.SuiteRunner.privateRun(SuiteRunner.java:397)
	at org.testng.SuiteRunner.run(SuiteRunner.java:336)
	at org.testng.SuiteRunnerWorker.runSuite(SuiteRunnerWorker.java:52)
	at org.testng.SuiteRunnerWorker.run(SuiteRunnerWorker.java:95)
	at org.testng.TestNG.runSuitesSequentially(TestNG.java:1280)
	at org.testng.TestNG.runSuitesLocally(TestNG.java:1200)
	at org.testng.TestNG.runSuites(TestNG.java:1114)
	at org.testng.TestNG.run(TestNG.java:1082)
	at org.testng.remote.AbstractRemoteTestNG.run(AbstractRemoteTestNG.java:115)
	at org.testng.remote.RemoteTestNG.initAndRun(RemoteTestNG.java:251)
	at org.testng.remote.RemoteTestNG.main(RemoteTestNG.java:77)
</pre></div></td>
<td>0</td>
<td>testNgxample.SkipTestExample@433defed</td></tr>
<tr>
<td title='testNgxample.SkipTestExample.skipTest3()'><b>skipTest3</b><br>Test class: testNgxample.SkipTestExample</td>
<td><div><pre>org.testng.SkipException: Do not excute further steps
	at testNgxample.SkipTestExample.skipTest3(SkipTestExample.java:30)
	at java.base/java.util.ArrayList.forEach(ArrayList.java:1511)
... Removed 27 stack frames</pre></div><a href='#' onClick='toggleBox("stack-trace836386144", this, "Click to show all stack frames", "Click to hide stack frames")'>Click to show all stack frames</a>
<div class='stack-trace' id='stack-trace836386144'><pre>org.testng.SkipException: Do not excute further steps
	at testNgxample.SkipTestExample.skipTest3(SkipTestExample.java:30)
	at java.base/jdk.internal.reflect.NativeMethodAccessorImpl.invoke0(Native Method)
	at java.base/jdk.internal.reflect.NativeMethodAccessorImpl.invoke(NativeMethodAccessorImpl.java:77)
	at java.base/jdk.internal.reflect.DelegatingMethodAccessorImpl.invoke(DelegatingMethodAccessorImpl.java:43)
	at java.base/java.lang.reflect.Method.invoke(Method.java:568)
	at org.testng.internal.invokers.MethodInvocationHelper.invokeMethod(MethodInvocationHelper.java:139)
	at org.testng.internal.invokers.TestInvoker.invokeMethod(TestInvoker.java:664)
	at org.testng.internal.invokers.TestInvoker.invokeTestMethod(TestInvoker.java:227)
	at org.testng.internal.invokers.MethodRunner.runInSequence(MethodRunner.java:50)
	at org.testng.internal.invokers.TestInvoker$MethodInvocationAgent.invoke(TestInvoker.java:957)
	at org.testng.internal.invokers.TestInvoker.invokeTestMethods(TestInvoker.java:200)
	at org.testng.internal.invokers.TestMethodWorker.invokeTestMethods(TestMethodWorker.java:148)
	at org.testng.internal.invokers.TestMethodWorker.run(TestMethodWorker.java:128)
	at java.base/java.util.ArrayList.forEach(ArrayList.java:1511)
	at org.testng.TestRunner.privateRun(TestRunner.java:848)
	at org.testng.TestRunner.run(TestRunner.java:621)
	at org.testng.SuiteRunner.runTest(SuiteRunner.java:443)
	at org.testng.SuiteRunner.runSequentially(SuiteRunner.java:437)
	at org.testng.SuiteRunner.privateRun(SuiteRunner.java:397)
	at org.testng.SuiteRunner.run(SuiteRunner.java:336)
	at org.testng.SuiteRunnerWorker.runSuite(SuiteRunnerWorker.java:52)
	at org.testng.SuiteRunnerWorker.run(SuiteRunnerWorker.java:95)
	at org.testng.TestNG.runSuitesSequentially(TestNG.java:1280)
	at org.testng.TestNG.runSuitesLocally(TestNG.java:1200)
	at org.testng.TestNG.runSuites(TestNG.java:1114)
	at org.testng.TestNG.run(TestNG.java:1082)
	at org.testng.remote.AbstractRemoteTestNG.run(AbstractRemoteTestNG.java:115)
	at org.testng.remote.RemoteTestNG.initAndRun(RemoteTestNG.java:251)
	at org.testng.remote.RemoteTestNG.main(RemoteTestNG.java:77)
</pre></div></td>
<td>0</td>
<td>testNgxample.SkipTestExample@433defed</td></tr>
</table><p>
</body>
</html>