<?xml version="1.0" encoding="UTF-8"?>
<!-- Generated by org.testng.reporters.JUnitXMLReporter -->
<testsuite ignored="0" hostname="DESKTOP-LIHQ7GQ" failures="4" tests="12" name="Test" time="24.001" errors="0" timestamp="2023-10-16T15:57:25 IST">
  <testcase classname="testNgxample.HardAssertNotReccomanded" name="titleandTextVerification" time="8.706">
    <failure type="java.lang.AssertionError" message="Title Test is Failed expected [Electronics, hsjfjCars, Fashion, Collectibles &amp;amp; More | eBay] but found [Electronics, Cars, Fashion, Collectibles &amp;amp; More | eBay]">
      <![CDATA[java.lang.AssertionError: Title Test is Failed expected [Electronics, hsjfjCars, Fashion, Collectibles & More | eBay] but found [Electronics, Cars, Fashion, Collectibles & More | eBay]
at testNgxample.HardAssertNotReccomanded.titleandTextVerification(HardAssertNotReccomanded.java:21)
at java.base/java.util.ArrayList.forEach(ArrayList.java:1511)
... Removed 33 stack frames]]>
    </failure>
  </testcase> <!-- titleandTextVerification -->
  <testcase classname="testNgxample.BeforeAfterTestandMethod" name="Test1" time="0.006"/>
  <testcase classname="testNgxample.BeforeAfterTestandMethod" name="Test2" time="0.011"/>
  <testcase classname="testNgxample.LoginTest" name="bloginTest" time="0.015"/>
  <testcase classname="testNgxample.LoginTest" name="alogoutTest" time="0.029"/>
  <testcase classname="testNgxample.GroupsExample" name="aTest4" time="0.009"/>
  <testcase classname="testNgxample.GroupsExample" name="bTest3" time="0.003"/>
  <testcase classname="testNgxample.GroupsExample" name="aTest1" time="0.002"/>
  <testcase classname="testNgxample.GroupsExample" name="bTest2" time="0.002"/>
  <testcase classname="testNgxample.AssertExample" name="titleTest1" time="3.291">
    <failure type="org.openqa.selenium.WebDriverException" message="no such execution context
  (Session info: chrome=117.0.5938.152)
Build info: version: &amp;apos;4.12.1&amp;apos;, revision: &amp;apos;8e34639b11&amp;apos;
System info: os.name: &amp;apos;Windows 10&amp;apos;, os.arch: &amp;apos;amd64&amp;apos;, os.version: &amp;apos;10.0&amp;apos;, java.version: &amp;apos;17.0.8&amp;apos;
Driver info: org.openqa.selenium.chrome.ChromeDriver
Command: [bb09045b5309c1b58593edb573abf595, get {url=https://www.ebay.com/}]
Capabilities {acceptInsecureCerts: false, browserName: chrome, browserVersion: 117.0.5938.152, chrome: {chromedriverVersion: 117.0.5938.149 (e3344ddefa1..., userDataDir: C:\Users\RAHULH~1\AppData\L...}, fedcm:accounts: true, goog:chromeOptions: {debuggerAddress: localhost:64062}, networkConnectionEnabled: false, pageLoadStrategy: normal, platformName: windows, proxy: Proxy(), se:cdp: ws://localhost:64062/devtoo..., se:cdpVersion: 117.0.5938.152, setWindowRect: true, strictFileInteractability: false, timeouts: {implicit: 0, pageLoad: 300000, script: 30000}, unhandledPromptBehavior: dismiss and notify, webauthn:extension:credBlob: true, webauthn:extension:largeBlob: true, webauthn:extension:minPinLength: true, webauthn:extension:prf: true, webauthn:virtualAuthenticators: true}
Session ID: bb09045b5309c1b58593edb573abf595">
      <![CDATA[org.openqa.selenium.WebDriverException: no such execution context
  (Session info: chrome=117.0.5938.152)
Build info: version: '4.12.1', revision: '8e34639b11'
System info: os.name: 'Windows 10', os.arch: 'amd64', os.version: '10.0', java.version: '17.0.8'
Driver info: org.openqa.selenium.chrome.ChromeDriver
Command: [bb09045b5309c1b58593edb573abf595, get {url=https://www.ebay.com/}]
Capabilities {acceptInsecureCerts: false, browserName: chrome, browserVersion: 117.0.5938.152, chrome: {chromedriverVersion: 117.0.5938.149 (e3344ddefa1..., userDataDir: C:\Users\RAHULH~1\AppData\L...}, fedcm:accounts: true, goog:chromeOptions: {debuggerAddress: localhost:64062}, networkConnectionEnabled: false, pageLoadStrategy: normal, platformName: windows, proxy: Proxy(), se:cdp: ws://localhost:64062/devtoo..., se:cdpVersion: 117.0.5938.152, setWindowRect: true, strictFileInteractability: false, timeouts: {implicit: 0, pageLoad: 300000, script: 30000}, unhandledPromptBehavior: dismiss and notify, webauthn:extension:credBlob: true, webauthn:extension:largeBlob: true, webauthn:extension:minPinLength: true, webauthn:extension:prf: true, webauthn:virtualAuthenticators: true}
Session ID: bb09045b5309c1b58593edb573abf595
at org.openqa.selenium.remote.codec.w3c.W3CHttpResponseCodec.createException(W3CHttpResponseCodec.java:200)
at org.openqa.selenium.remote.codec.w3c.W3CHttpResponseCodec.decode(W3CHttpResponseCodec.java:133)
at org.openqa.selenium.remote.codec.w3c.W3CHttpResponseCodec.decode(W3CHttpResponseCodec.java:52)
at org.openqa.selenium.remote.HttpCommandExecutor.execute(HttpCommandExecutor.java:191)
at org.openqa.selenium.remote.service.DriverCommandExecutor.invokeExecute(DriverCommandExecutor.java:196)
at org.openqa.selenium.remote.service.DriverCommandExecutor.execute(DriverCommandExecutor.java:171)
at org.openqa.selenium.remote.RemoteWebDriver.execute(RemoteWebDriver.java:602)
at org.openqa.selenium.remote.RemoteWebDriver.get(RemoteWebDriver.java:304)
at testNgxample.AssertExample.titleTest1(AssertExample.java:16)
at java.base/java.util.ArrayList.forEach(ArrayList.java:1511)
... Removed 33 stack frames]]>
    </failure>
  </testcase> <!-- titleTest1 -->
  <testcase classname="testNgxample.AssertExample" name="titleTest2" time="5.523">
    <failure type="java.lang.AssertionError" message="expected [Electronics, Cars, jsgdfjgdsgfFashion, Collectibles &amp;amp; More | eBay] but found [Electronics, Cars, Fashion, Collectibles &amp;amp; More | eBay]">
      <![CDATA[java.lang.AssertionError: expected [Electronics, Cars, jsgdfjgdsgfFashion, Collectibles & More | eBay] but found [Electronics, Cars, Fashion, Collectibles & More | eBay]
at testNgxample.AssertExample.titleTest2(AssertExample.java:34)
at java.base/java.util.ArrayList.forEach(ArrayList.java:1511)
... Removed 34 stack frames]]>
    </failure>
  </testcase> <!-- titleTest2 -->
  <testcase classname="testNgxample.SoftAssertExample" name="verifcationTitleText" time="6.128">
    <failure type="java.lang.AssertionError" message="The following asserts failed:
	Title verification is Faild expected [Electronics, Cars, Fashion, dbfasdCollectibles &amp;amp; More | eBay] but found [Electronics, Cars, Fashion, Collectibles &amp;amp; More | eBay]">
      <![CDATA[java.lang.AssertionError: The following asserts failed:
Title verification is Faild expected [Electronics, Cars, Fashion, dbfasdCollectibles & More | eBay] but found [Electronics, Cars, Fashion, Collectibles & More | eBay]
at testNgxample.SoftAssertExample.verifcationTitleText(SoftAssertExample.java:32)
at java.base/java.util.ArrayList.forEach(ArrayList.java:1511)
... Removed 30 stack frames]]>
    </failure>
  </testcase> <!-- verifcationTitleText -->
</testsuite> <!-- Test -->
